<?xml version="1.0" encoding="UTF-8"?>
<!-- Generated by org.testng.reporters.JUnitXMLReporter -->
<testsuite hostname="BDC6-D-352SVFF" ignored="0" name="carloan" tests="8" failures="0" timestamp="11 May 2018 11:08:16 GMT" time="0.085" errors="0">
  <testcase name="cardoor" time="0.003" classname="test.cloan"/>
  <testcase name="carfloor" time="0.004" classname="test.cloan"/>
  <testcase name="carwindow" time="0.004" classname="test.cloan"/>
  <testcase name="companycar" time="0.005" classname="test.cloan"/>
  <testcase name="driver" time="0.004" classname="test.cloan"/>
  <testcase name="owner" time="0.003" classname="test.cloan"/>
  <testcase name="loaning" time="0.004" classname="test.ploan"/>
  <testcase name="loaning_new" time="0.006" classname="test.ploan"/>
</testsuite> <!-- carloan -->
