<?xml version="1.0" encoding="UTF-8"?>
<!-- Generated by org.testng.reporters.JUnitXMLReporter -->
<testsuite hostname="BDC6-D-352SVFF" ignored="0" name="homeloan" tests="5" failures="0" timestamp="11 May 2018 11:08:16 GMT" time="0.077" errors="0">
  <testcase name="homedoor" time="0.008" classname="test.hloan"/>
  <testcase name="homefloor" time="0.005" classname="test.hloan"/>
  <testcase name="homewindow" time="0.003" classname="test.hloan"/>
  <testcase name="nameowner" time="0.004" classname="test.hloan"/>
  <testcase name="place" time="0.01" classname="test.hloan"/>
</testsuite> <!-- homeloan -->
