<?xml version="1.0" encoding="UTF-8"?>
<!-- Generated by org.testng.reporters.JUnitXMLReporter -->
<testsuite hostname="BDC6-D-352SVFF" ignored="0" name="Personaloan" tests="4" failures="0" timestamp="11 May 2018 11:08:16 GMT" time="0.137" errors="0">
  <testcase name="age" time="0.029" classname="test.learn"/>
  <testcase name="name" time="0.008" classname="test.learn"/>
  <testcase name="loaning" time="0.005" classname="test.ploan"/>
  <testcase name="loaning_new" time="0.005" classname="test.ploan"/>
</testsuite> <!-- Personaloan -->
