<?xml version="1.0" encoding="UTF-8"?>
<!-- Generated by org.testng.reporters.JUnitXMLReporter -->
<testsuite hostname="BDC6-D-352SVFF" ignored="14" name="Regression" tests="2" failures="0" timestamp="28 May 2018 10:48:03 GMT" time="0.165" errors="0">
  <testcase name="loaning_new" time="0.044" classname="test.ploan"/>
  <testcase name="place" time="0.005" classname="test.hloan"/>
  <testcase name="carwindow" time="0.0" classname="test.cloan">
    <ignored/>
  </testcase> <!-- carwindow -->
  <testcase name="homedoor" time="0.0" classname="test.hloan">
    <ignored/>
  </testcase> <!-- homedoor -->
  <testcase name="owner" time="0.0" classname="test.cloan">
    <ignored/>
  </testcase> <!-- owner -->
  <testcase name="name" time="0.0" classname="test.learn">
    <ignored/>
  </testcase> <!-- name -->
  <testcase name="nameowner" time="0.0" classname="test.hloan">
    <ignored/>
  </testcase> <!-- nameowner -->
  <testcase name="cardoor" time="0.0" classname="test.cloan">
    <ignored/>
  </testcase> <!-- cardoor -->
  <testcase name="age" time="0.0" classname="test.learn">
    <ignored/>
  </testcase> <!-- age -->
  <testcase name="driver" time="0.0" classname="test.cloan">
    <ignored/>
  </testcase> <!-- driver -->
  <testcase name="homewindow" time="0.0" classname="test.hloan">
    <ignored/>
  </testcase> <!-- homewindow -->
  <testcase name="carfloor" time="0.0" classname="test.cloan">
    <ignored/>
  </testcase> <!-- carfloor -->
  <testcase name="carcheck" time="0.0" classname="test.cloan">
    <ignored/>
  </testcase> <!-- carcheck -->
  <testcase name="companycar" time="0.0" classname="test.cloan">
    <ignored/>
  </testcase> <!-- companycar -->
  <testcase name="homefloor" time="0.0" classname="test.hloan">
    <ignored/>
  </testcase> <!-- homefloor -->
  <testcase name="loaning" time="0.0" classname="test.ploan">
    <ignored/>
  </testcase> <!-- loaning -->
</testsuite> <!-- Regression -->
