<?xml version="1.0" encoding="UTF-8"?>
<!-- Generated by org.testng.reporters.JUnitXMLReporter -->
<testsuite hostname="BDC6-D-352SVFF" ignored="11" name="Regression" tests="4" failures="0" timestamp="11 May 2018 11:39:14 GMT" time="0.204" errors="0">
  <testcase name="name" time="0.03" classname="test.learn"/>
  <testcase name="loaning_new" time="0.004" classname="test.ploan"/>
  <testcase name="companycar" time="0.002" classname="test.cloan"/>
  <testcase name="place" time="0.014" classname="test.hloan"/>
  <testcase name="homedoor" time="0.0" classname="test.hloan">
    <ignored/>
  </testcase> <!-- homedoor -->
  <testcase name="owner" time="0.0" classname="test.cloan">
    <ignored/>
  </testcase> <!-- owner -->
  <testcase name="cardoor" time="0.0" classname="test.cloan">
    <ignored/>
  </testcase> <!-- cardoor -->
  <testcase name="nameowner" time="0.0" classname="test.hloan">
    <ignored/>
  </testcase> <!-- nameowner -->
  <testcase name="age" time="0.0" classname="test.learn">
    <ignored/>
  </testcase> <!-- age -->
  <testcase name="driver" time="0.0" classname="test.cloan">
    <ignored/>
  </testcase> <!-- driver -->
  <testcase name="carwindow" time="0.0" classname="test.cloan">
    <ignored/>
  </testcase> <!-- carwindow -->
  <testcase name="homewindow" time="0.0" classname="test.hloan">
    <ignored/>
  </testcase> <!-- homewindow -->
  <testcase name="carfloor" time="0.0" classname="test.cloan">
    <ignored/>
  </testcase> <!-- carfloor -->
  <testcase name="homefloor" time="0.0" classname="test.hloan">
    <ignored/>
  </testcase> <!-- homefloor -->
  <testcase name="loaning" time="0.0" classname="test.ploan">
    <ignored/>
  </testcase> <!-- loaning -->
</testsuite> <!-- Regression -->
