<?xml version="1.0" encoding="UTF-8"?>
<testng-results skipped="0" failed="0" ignored="0" total="1" passed="1">
  <reporter-output>
  </reporter-output>
  <suite name="Default suite" duration-ms="1492" started-at="2018-05-31T13:28:22Z" finished-at="2018-05-31T13:28:23Z">
    <groups>
    </groups>
    <test name="Default test" duration-ms="1492" started-at="2018-05-31T13:28:22Z" finished-at="2018-05-31T13:28:23Z">
      <class name="excelcheck.Readexcel">
        <test-method status="PASS" signature="readstuff()[pri:0, instance:excelcheck.Readexcel@3bfdc050]" name="readstuff" duration-ms="1415" started-at="2018-05-31T13:28:22Z" finished-at="2018-05-31T13:28:23Z">
          <reporter-output>
          </reporter-output>
        </test-method> <!-- readstuff -->
      </class> <!-- excelcheck.Readexcel -->
    </test> <!-- Default test -->
  </suite> <!-- Default suite -->
</testng-results>
