<?xml version="1.0" encoding="UTF-8"?>
<testng-results skipped="0" failed="0" ignored="14" total="16" passed="2">
  <reporter-output>
  </reporter-output>
  <suite name="LoanDepartment" duration-ms="165" started-at="2018-05-28T10:48:03Z" finished-at="2018-05-28T10:48:03Z">
    <groups>
      <group name="Regression">
        <method signature="hloan.place()[pri:0, instance:test.hloan@4520ebad]" name="place" class="test.hloan"/>
      </group> <!-- Regression -->
      <group name="Smoke">
        <method signature="hloan.place()[pri:0, instance:test.hloan@4520ebad]" name="place" class="test.hloan"/>
        <method signature="ploan.loaning_new()[pri:0, instance:test.ploan@62ee68d8]" name="loaning_new" class="test.ploan"/>
      </group> <!-- Smoke -->
    </groups>
    <test name="Regression" duration-ms="165" started-at="2018-05-28T10:48:03Z" finished-at="2018-05-28T10:48:03Z">
      <class name="test.hloan">
        <test-method status="PASS" signature="place()[pri:0, instance:test.hloan@4520ebad]" name="place" duration-ms="5" started-at="2018-05-28T10:48:03Z" finished-at="2018-05-28T10:48:03Z">
          <reporter-output>
          </reporter-output>
        </test-method> <!-- place -->
      </class> <!-- test.hloan -->
      <class name="test.ploan">
        <test-method status="PASS" signature="loaning_new()[pri:0, instance:test.ploan@62ee68d8]" name="loaning_new" duration-ms="44" started-at="2018-05-28T10:48:03Z" finished-at="2018-05-28T10:48:03Z">
          <reporter-output>
          </reporter-output>
        </test-method> <!-- loaning_new -->
      </class> <!-- test.ploan -->
    </test> <!-- Regression -->
  </suite> <!-- LoanDepartment -->
</testng-results>
