<?xml version="1.0" encoding="UTF-8"?>
<testng-results skipped="0" failed="0" ignored="0" total="1" passed="1">
  <reporter-output>
  </reporter-output>
  <suite name="Default suite" duration-ms="26612" started-at="2018-05-22T18:08:02Z" finished-at="2018-05-22T18:08:28Z">
    <groups>
    </groups>
    <test name="Default test" duration-ms="26612" started-at="2018-05-22T18:08:02Z" finished-at="2018-05-22T18:08:28Z">
      <class name="Banking.DebitCard.sampletest">
        <test-method status="PASS" signature="loadUP()[pri:0, instance:Banking.DebitCard.sampletest@d8355a8]" name="loadUP" is-config="true" duration-ms="23452" started-at="2018-05-22T23:38:02Z" finished-at="2018-05-22T23:38:25Z">
          <reporter-output>
          </reporter-output>
        </test-method> <!-- loadUP -->
        <test-method status="PASS" signature="loginappcheck()[pri:1, instance:Banking.DebitCard.sampletest@d8355a8]" name="loginappcheck" duration-ms="2178" started-at="2018-05-22T23:38:25Z" finished-at="2018-05-22T23:38:27Z">
          <reporter-output>
          </reporter-output>
        </test-method> <!-- loginappcheck -->
        <test-method status="PASS" signature="tearDOWN()[pri:0, instance:Banking.DebitCard.sampletest@d8355a8]" name="tearDOWN" is-config="true" duration-ms="876" started-at="2018-05-22T23:38:27Z" finished-at="2018-05-22T23:38:28Z">
          <reporter-output>
          </reporter-output>
        </test-method> <!-- tearDOWN -->
      </class> <!-- Banking.DebitCard.sampletest -->
    </test> <!-- Default test -->
  </suite> <!-- Default suite -->
</testng-results>
