<?xml version="1.0" encoding="UTF-8"?>
<!-- Generated by org.testng.reporters.JUnitXMLReporter -->
<testsuite hostname="BDC6-D-352SVFF" ignored="12" name="RegressionTest" tests="8" failures="0" timestamp="15 May 2018 13:23:41 GMT" time="0.242" errors="0">
  <testcase name="DOB" time="0.027" classname="Banking.DebitCard.Carowner"/>
  <testcase name="age" time="0.006" classname="Banking.DebitCard.Carowner"/>
  <testcase name="name" time="0.006" classname="Banking.DebitCard.Carowner"/>
  <testcase name="profession" time="0.004" classname="Banking.DebitCard.Carowner"/>
  <testcase name="sex" time="0.006" classname="Banking.DebitCard.Carowner"/>
  <testcase name="chechis" time="0.005" classname="Banking.DebitCard.Carparts"/>
  <testcase name="door" time="0.009" classname="Banking.DebitCard.Carparts"/>
  <testcase name="headlight" time="0.003" classname="Banking.DebitCard.Carparts"/>
  <testcase name="manufacture" time="0.0" classname="Banking.DebitCard.Cardetail">
    <ignored/>
  </testcase> <!-- manufacture -->
  <testcase name="window" time="0.0" classname="Banking.DebitCard.Carparts">
    <ignored/>
  </testcase> <!-- window -->
  <testcase name="country" time="0.0" classname="Banking.DebitCard.Cardetail">
    <ignored/>
  </testcase> <!-- country -->
  <testcase name="cost" time="0.0" classname="Banking.DebitCard.Cardetail">
    <ignored/>
  </testcase> <!-- cost -->
  <testcase name="driver" time="0.0" classname="Banking.DebitCard.Carowner">
    <ignored/>
  </testcase> <!-- driver -->
  <testcase name="importtax" time="0.0" classname="Banking.DebitCard.Cardetail">
    <ignored/>
  </testcase> <!-- importtax -->
  <testcase name="overallcost" time="0.0" classname="Banking.DebitCard.Cardetail">
    <ignored/>
  </testcase> <!-- overallcost -->
  <testcase name="tax" time="0.0" classname="Banking.DebitCard.Cardetail">
    <ignored/>
  </testcase> <!-- tax -->
  <testcase name="company" time="0.0" classname="Banking.DebitCard.Cardetail">
    <ignored/>
  </testcase> <!-- company -->
  <testcase name="taillight" time="0.0" classname="Banking.DebitCard.Carparts">
    <ignored/>
  </testcase> <!-- taillight -->
  <testcase name="shippingcost" time="0.0" classname="Banking.DebitCard.Cardetail">
    <ignored/>
  </testcase> <!-- shippingcost -->
  <testcase name="wheel" time="0.0" classname="Banking.DebitCard.Carparts">
    <ignored/>
  </testcase> <!-- wheel -->
</testsuite> <!-- RegressionTest -->
