<?xml version="1.0" encoding="UTF-8"?>
<!-- Generated by org.testng.reporters.JUnitXMLReporter -->
<testsuite hostname="BDC6-D-352SVFF" ignored="1" name="CarDetails" tests="13" failures="0" timestamp="15 May 2018 10:44:24 GMT" time="0.272" errors="0">
  <testcase name="company" time="0.014" classname="car.Cardetail"/>
  <testcase name="country" time="0.006" classname="car.Cardetail"/>
  <testcase name="manufacture" time="0.007" classname="car.Cardetail"/>
  <testcase name="cost" time="0.001" classname="car.Cardetail"/>
  <testcase name="shippingcost" time="0.002" classname="car.Cardetail"/>
  <testcase name="importtax" time="0.002" classname="car.Cardetail"/>
  <testcase name="tax" time="0.003" classname="car.Cardetail"/>
  <testcase name="chechis" time="0.02" classname="car.Carparts"/>
  <testcase name="door" time="0.003" classname="car.Carparts"/>
  <testcase name="headlight" time="0.005" classname="car.Carparts"/>
  <testcase name="taillight" time="0.003" classname="car.Carparts"/>
  <testcase name="wheel" time="0.002" classname="car.Carparts"/>
  <testcase name="window" time="0.005" classname="car.Carparts"/>
  <testcase name="overallcost" time="0.0" classname="car.Cardetail">
    <ignored/>
  </testcase> <!-- overallcost -->
</testsuite> <!-- CarDetails -->
