<?xml version="1.0" encoding="UTF-8"?>
<!-- Generated by org.testng.reporters.JUnitXMLReporter -->
<testsuite hostname="BDC6-D-352SVFF" ignored="0" name="CarDetails" tests="11" failures="0" timestamp="11 May 2018 14:11:13 GMT" time="0.178" errors="0">
  <testcase name="company" time="0.013" classname="car.Cardetail"/>
  <testcase name="cost" time="0.008" classname="car.Cardetail"/>
  <testcase name="country" time="0.007" classname="car.Cardetail"/>
  <testcase name="manufacture" time="0.005" classname="car.Cardetail"/>
  <testcase name="tax" time="0.008" classname="car.Cardetail"/>
  <testcase name="chechis" time="0.003" classname="car.Carparts"/>
  <testcase name="door" time="0.003" classname="car.Carparts"/>
  <testcase name="headlight" time="0.003" classname="car.Carparts"/>
  <testcase name="taillight" time="0.002" classname="car.Carparts"/>
  <testcase name="wheel" time="0.001" classname="car.Carparts"/>
  <testcase name="window" time="0.001" classname="car.Carparts"/>
</testsuite> <!-- CarDetails -->
