<?xml version="1.0" encoding="UTF-8"?>
<!-- Generated by org.testng.reporters.JUnitXMLReporter -->
<testsuite hostname="BDC6-D-352SVFF" ignored="0" name="CarOwner" tests="6" failures="0" timestamp="15 May 2018 10:44:24 GMT" time="0.109" errors="0">
  <testcase name="DOB" time="0.002" classname="car.Carowner"/>
  <testcase name="age" time="0.003" classname="car.Carowner"/>
  <testcase name="driver" time="0.006" classname="car.Carowner"/>
  <testcase name="name" time="0.004" classname="car.Carowner"/>
  <testcase name="profession" time="0.003" classname="car.Carowner"/>
  <testcase name="sex" time="0.008" classname="car.Carowner"/>
</testsuite> <!-- CarOwner -->
