<?xml version="1.0" encoding="UTF-8"?>
<!-- Generated by org.testng.reporters.JUnitXMLReporter -->
<testsuite hostname="BDC6-D-352SVFF" ignored="0" name="CarParts" tests="6" failures="0" timestamp="15 May 2018 10:44:24 GMT" time="0.062" errors="0">
  <testcase name="chechis" time="0.002" classname="car.Carparts"/>
  <testcase name="door" time="0.003" classname="car.Carparts"/>
  <testcase name="headlight" time="0.002" classname="car.Carparts"/>
  <testcase name="taillight" time="0.023" classname="car.Carparts"/>
  <testcase name="wheel" time="0.001" classname="car.Carparts"/>
  <testcase name="window" time="0.003" classname="car.Carparts"/>
</testsuite> <!-- CarParts -->
