<?xml version="1.0" encoding="UTF-8"?>
<!-- Generated by org.testng.reporters.JUnitXMLReporter -->
<testsuite hostname="BDC6-D-352SVFF" ignored="1" name="name" tests="7" failures="0" timestamp="28 May 2018 10:40:34 GMT" time="0.242" errors="0">
  <testcase name="company" time="0.012" classname="car.Cardetail"/>
  <testcase name="country" time="0.01" classname="car.Cardetail"/>
  <testcase name="manufacture" time="0.01" classname="car.Cardetail"/>
  <testcase name="cost" time="0.005" classname="car.Cardetail"/>
  <testcase name="shippingcost" time="0.003" classname="car.Cardetail"/>
  <testcase name="importtax" time="0.009" classname="car.Cardetail"/>
  <testcase name="tax" time="0.004" classname="car.Cardetail"/>
  <testcase name="overallcost" time="0.0" classname="car.Cardetail">
    <ignored/>
  </testcase> <!-- overallcost -->
</testsuite> <!-- name -->
