<?xml version="1.0" encoding="UTF-8"?>
<!-- Generated by org.testng.reporters.JUnitXMLReporter -->
<testsuite hostname="BDC6-D-352SVFF" ignored="0" name="Test" tests="4" failures="0" timestamp="10 May 2018 07:47:55 GMT" time="0.2" errors="0">
  <testcase name="loaning" time="0.043" classname="test.ploan"/>
  <testcase name="loaning_new" time="0.007" classname="test.ploan"/>
  <testcase name="demo" time="0.009" classname="test.learn"/>
  <testcase name="secondtest" time="0.011" classname="test.learn"/>
</testsuite> <!-- Test -->
