<?xml version="1.0" encoding="UTF-8"?>
<!-- Generated by org.testng.reporters.JUnitXMLReporter -->
<testsuite hostname="BDC6-D-352SVFF" ignored="0" name="Default test" tests="6" failures="0" timestamp="15 May 2018 10:35:02 GMT" time="0.168" errors="0">
  <testcase name="chechis" time="0.034" classname="Banking.DebitCard.Carparts"/>
  <testcase name="door" time="0.008" classname="Banking.DebitCard.Carparts"/>
  <testcase name="headlight" time="0.003" classname="Banking.DebitCard.Carparts"/>
  <testcase name="taillight" time="0.005" classname="Banking.DebitCard.Carparts"/>
  <testcase name="wheel" time="0.006" classname="Banking.DebitCard.Carparts"/>
  <testcase name="window" time="0.004" classname="Banking.DebitCard.Carparts"/>
</testsuite> <!-- Default test -->
