<?xml version="1.0" encoding="UTF-8"?>
<testng-results skipped="0" failed="0" ignored="0" total="2" passed="2">
  <reporter-output>
  </reporter-output>
  <suite name="Default suite" duration-ms="13502" started-at="2018-05-23T20:20:55Z" finished-at="2018-05-23T20:21:08Z">
    <groups>
    </groups>
    <test name="Default test" duration-ms="13502" started-at="2018-05-23T20:20:55Z" finished-at="2018-05-23T20:21:08Z">
      <class name="website.pagetest.LoginPage">
        <test-method status="PASS" signature="setUP()[pri:0, instance:website.pagetest.LoginPage@6a41eaa2]" name="setUP" is-config="true" duration-ms="9277" started-at="2018-05-23T20:20:55Z" description="------------Browser STARTS-------------------------" finished-at="2018-05-23T20:21:04Z">
          <reporter-output>
          </reporter-output>
        </test-method> <!-- setUP -->
        <test-method status="PASS" signature="count_numberlink()[pri:1, instance:website.pagetest.LoginPage@6a41eaa2]" name="count_numberlink" duration-ms="162" started-at="2018-05-23T20:21:04Z" finished-at="2018-05-23T20:21:04Z">
          <reporter-output>
          </reporter-output>
        </test-method> <!-- count_numberlink -->
        <test-method status="PASS" signature="mainbody()[pri:2, instance:website.pagetest.LoginPage@6a41eaa2]" name="mainbody" duration-ms="3818" started-at="2018-05-23T20:21:04Z" description="--------------This is the main body---------------------" finished-at="2018-05-23T20:21:08Z">
          <reporter-output>
          </reporter-output>
        </test-method> <!-- mainbody -->
        <test-method status="PASS" signature="tearDOWN()[pri:0, instance:website.pagetest.LoginPage@6a41eaa2]" name="tearDOWN" is-config="true" duration-ms="168" started-at="2018-05-23T20:21:08Z" description="------------Browser ENDS-------------------------" finished-at="2018-05-23T20:21:08Z">
          <reporter-output>
          </reporter-output>
        </test-method> <!-- tearDOWN -->
      </class> <!-- website.pagetest.LoginPage -->
    </test> <!-- Default test -->
  </suite> <!-- Default suite -->
</testng-results>
