<?xml version="1.0" encoding="UTF-8"?>
<!-- Generated by org.testng.reporters.JUnitXMLReporter -->
<testsuite hostname="BDC6-D-352SVFF" ignored="0" name="Default test" tests="6" failures="0" timestamp="28 May 2018 10:23:44 GMT" time="0.403" errors="0">
  <testcase name="DOB" time="0.048" classname="car.Carowner"/>
  <testcase name="age" time="0.009" classname="car.Carowner"/>
  <testcase name="driver" time="0.009" classname="car.Carowner"/>
  <testcase name="name" time="0.003" classname="car.Carowner"/>
  <testcase name="profession" time="0.008" classname="car.Carowner"/>
  <testcase name="sex" time="0.005" classname="car.Carowner"/>
</testsuite> <!-- Default test -->
