<?xml version="1.0" encoding="UTF-8"?>
<testng-results skipped="0" failed="0" ignored="0" total="1" passed="1">
  <reporter-output>
  </reporter-output>
  <suite name="Default suite" duration-ms="39861" started-at="2018-06-18T14:41:00Z" finished-at="2018-06-18T14:41:40Z">
    <groups>
    </groups>
    <test name="Default test" duration-ms="39861" started-at="2018-06-18T14:41:00Z" finished-at="2018-06-18T14:41:40Z">
      <class name="com.test.Draganddrop">
        <test-method status="PASS" signature="setthings()[pri:0, instance:com.test.Draganddrop@7d907bac]" name="setthings" is-config="true" duration-ms="33" started-at="2018-06-18T14:41:00Z" finished-at="2018-06-18T14:41:00Z">
          <reporter-output>
          </reporter-output>
        </test-method> <!-- setthings -->
        <test-method status="PASS" signature="setUP()[pri:0, instance:com.test.Draganddrop@7d907bac]" name="setUP" is-config="true" duration-ms="16785" started-at="2018-06-18T14:41:00Z" finished-at="2018-06-18T14:41:17Z">
          <reporter-output>
          </reporter-output>
        </test-method> <!-- setUP -->
        <test-method status="PASS" signature="draganddrop()[pri:0, instance:com.test.Draganddrop@7d907bac]" name="draganddrop" duration-ms="22048" started-at="2018-06-18T14:41:17Z" finished-at="2018-06-18T14:41:39Z">
          <reporter-output>
          </reporter-output>
        </test-method> <!-- draganddrop -->
        <test-method status="PASS" signature="tearDOWN()[pri:0, instance:com.test.Draganddrop@7d907bac]" name="tearDOWN" is-config="true" duration-ms="750" started-at="2018-06-18T14:41:39Z" finished-at="2018-06-18T14:41:40Z">
          <reporter-output>
          </reporter-output>
        </test-method> <!-- tearDOWN -->
      </class> <!-- com.test.Draganddrop -->
    </test> <!-- Default test -->
  </suite> <!-- Default suite -->
</testng-results>
