<?xml version="1.0" encoding="UTF-8"?>
<testng-results skipped="0" failed="0" ignored="0" total="1" passed="1">
  <reporter-output>
  </reporter-output>
  <suite name="Default suite" duration-ms="39183" started-at="2018-06-13T12:44:31Z" finished-at="2018-06-13T12:45:11Z">
    <groups>
    </groups>
    <test name="Default test" duration-ms="39183" started-at="2018-06-13T12:44:31Z" finished-at="2018-06-13T12:45:11Z">
      <class name="com.test.BrokenImage">
        <test-method status="PASS" signature="setthings()[pri:0, instance:com.test.BrokenImage@7d907bac]" name="setthings" is-config="true" duration-ms="75" started-at="2018-06-13T12:44:31Z" finished-at="2018-06-13T12:44:31Z">
          <reporter-output>
          </reporter-output>
        </test-method> <!-- setthings -->
        <test-method status="PASS" signature="setUP()[pri:0, instance:com.test.BrokenImage@7d907bac]" name="setUP" is-config="true" duration-ms="27631" started-at="2018-06-13T12:44:31Z" finished-at="2018-06-13T12:44:59Z">
          <reporter-output>
          </reporter-output>
        </test-method> <!-- setUP -->
        <test-method status="PASS" signature="brokimg()[pri:0, instance:com.test.BrokenImage@7d907bac]" name="brokimg" duration-ms="10758" started-at="2018-06-13T12:45:00Z" finished-at="2018-06-13T12:45:10Z">
          <reporter-output>
          </reporter-output>
        </test-method> <!-- brokimg -->
        <test-method status="PASS" signature="tearDOWN()[pri:0, instance:com.test.BrokenImage@7d907bac]" name="tearDOWN" is-config="true" duration-ms="243" started-at="2018-06-13T12:45:10Z" finished-at="2018-06-13T12:45:11Z">
          <reporter-output>
          </reporter-output>
        </test-method> <!-- tearDOWN -->
      </class> <!-- com.test.BrokenImage -->
    </test> <!-- Default test -->
  </suite> <!-- Default suite -->
</testng-results>
