<?xml version="1.0" encoding="UTF-8"?>
<testng-results skipped="0" failed="0" ignored="0" total="1" passed="1">
  <reporter-output>
  </reporter-output>
  <suite name="Default suite" duration-ms="18125" started-at="2018-06-17T19:35:01Z" finished-at="2018-06-17T19:35:19Z">
    <groups>
    </groups>
    <test name="Default test" duration-ms="18125" started-at="2018-06-17T19:35:01Z" finished-at="2018-06-17T19:35:19Z">
      <class name="testcases.Testfilecheckertobedeleted">
        <test-method status="PASS" signature="setthings()[pri:0, instance:testcases.Testfilecheckertobedeleted@2b552920]" name="setthings" is-config="true" duration-ms="25" started-at="2018-06-17T19:35:01Z" finished-at="2018-06-17T19:35:01Z">
          <reporter-output>
          </reporter-output>
        </test-method> <!-- setthings -->
        <test-method status="PASS" signature="setUP()[pri:0, instance:testcases.Testfilecheckertobedeleted@2b552920]" name="setUP" is-config="true" duration-ms="11291" started-at="2018-06-17T19:35:01Z" finished-at="2018-06-17T19:35:12Z">
          <reporter-output>
          </reporter-output>
        </test-method> <!-- setUP -->
        <test-method status="PASS" signature="gettext()[pri:0, instance:testcases.Testfilecheckertobedeleted@2b552920]" name="gettext" duration-ms="5870" started-at="2018-06-17T19:35:12Z" finished-at="2018-06-17T19:35:18Z">
          <reporter-output>
          </reporter-output>
        </test-method> <!-- gettext -->
        <test-method status="PASS" signature="tearDOWN()[pri:0, instance:testcases.Testfilecheckertobedeleted@2b552920]" name="tearDOWN" is-config="true" duration-ms="887" started-at="2018-06-17T19:35:18Z" finished-at="2018-06-17T19:35:19Z">
          <reporter-output>
          </reporter-output>
        </test-method> <!-- tearDOWN -->
      </class> <!-- testcases.Testfilecheckertobedeleted -->
    </test> <!-- Default test -->
  </suite> <!-- Default suite -->
</testng-results>
