<?xml version="1.0" encoding="UTF-8"?>
<testng-results skipped="0" failed="0" ignored="0" total="1" passed="1">
  <reporter-output>
  </reporter-output>
  <suite name="Default suite" duration-ms="35141" started-at="2018-06-06T13:20:19Z" finished-at="2018-06-06T13:20:54Z">
    <groups>
    </groups>
    <test name="Default test" duration-ms="35141" started-at="2018-06-06T13:20:19Z" finished-at="2018-06-06T13:20:54Z">
      <class name="testcases.login">
        <test-method status="PASS" signature="setUP()[pri:0, instance:testcases.login@5a8e6209]" name="setUP" is-config="true" duration-ms="18829" started-at="2018-06-06T13:20:19Z" finished-at="2018-06-06T13:20:38Z">
          <reporter-output>
          </reporter-output>
        </test-method> <!-- setUP -->
        <test-method status="PASS" signature="mainpage()[pri:0, instance:testcases.login@5a8e6209]" name="mainpage" duration-ms="13598" started-at="2018-06-06T13:20:38Z" finished-at="2018-06-06T13:20:52Z">
          <reporter-output>
          </reporter-output>
        </test-method> <!-- mainpage -->
        <test-method status="PASS" signature="tearDOWN()[pri:0, instance:testcases.login@5a8e6209]" name="tearDOWN" is-config="true" duration-ms="2644" started-at="2018-06-06T13:20:52Z" finished-at="2018-06-06T13:20:54Z">
          <reporter-output>
          </reporter-output>
        </test-method> <!-- tearDOWN -->
      </class> <!-- testcases.login -->
    </test> <!-- Default test -->
  </suite> <!-- Default suite -->
</testng-results>
