<?xml version="1.0" encoding="UTF-8"?>
<!-- Generated by org.testng.reporters.JUnitXMLReporter -->
<testsuite hostname="BDC6-D-352SVFF" ignored="7" name="carloan" tests="1" failures="0" timestamp="28 May 2018 10:30:49 GMT" time="0.141" errors="0">
  <testcase name="manufacture" time="0.016" classname="car.Cardetail"/>
  <testcase name="company" time="0.0" classname="car.Cardetail">
    <ignored/>
  </testcase> <!-- company -->
  <testcase name="tax" time="0.0" classname="car.Cardetail">
    <ignored/>
  </testcase> <!-- tax -->
  <testcase name="overallcost" time="0.0" classname="car.Cardetail">
    <ignored/>
  </testcase> <!-- overallcost -->
  <testcase name="shippingcost" time="0.0" classname="car.Cardetail">
    <ignored/>
  </testcase> <!-- shippingcost -->
  <testcase name="country" time="0.0" classname="car.Cardetail">
    <ignored/>
  </testcase> <!-- country -->
  <testcase name="cost" time="0.0" classname="car.Cardetail">
    <ignored/>
  </testcase> <!-- cost -->
  <testcase name="importtax" time="0.0" classname="car.Cardetail">
    <ignored/>
  </testcase> <!-- importtax -->
</testsuite> <!-- carloan -->
